\BOOKMARK [0][-]{chapter*.5}{Introducci\363n}{}% 1
\BOOKMARK [0][-]{chapter.1}{Fundamentos Te\363ricos}{}% 2
\BOOKMARK [1][-]{section.1.1}{Teor\355a de Grafos}{chapter.1}% 3
\BOOKMARK [1][-]{section.1.2}{T\351cnicas de Dise\361o y An\341lisis de Algoritmos}{chapter.1}% 4
\BOOKMARK [2][-]{subsection.1.2.1}{Programaci\363n Din\341mica}{section.1.2}% 5
\BOOKMARK [2][-]{subsection.1.2.2}{Algoritmos Golosos \( Greedy \)}{section.1.2}% 6
\BOOKMARK [1][-]{section.1.3}{Trabajo con cadenas}{chapter.1}% 7
\BOOKMARK [2][-]{subsection.1.3.1}{Suffix Array}{section.1.3}% 8
\BOOKMARK [1][-]{section.1.4}{Almacenamiento de los n\372meros en las computadoras actuales}{chapter.1}% 9
\BOOKMARK [0][-]{chapter.2}{Soluci\363n de los problemas}{}% 10
\BOOKMARK [1][-]{section.2.1}{Problema A. Azulejos}{chapter.2}% 11
\BOOKMARK [2][-]{subsection.2.1.1}{Descripci\363n}{section.2.1}% 12
\BOOKMARK [2][-]{subsection.2.1.2}{Soluci\363n}{section.2.1}% 13
\BOOKMARK [2][-]{subsection.2.1.3}{C\363digo}{section.2.1}% 14
\BOOKMARK [1][-]{section.2.2}{Problema B. Beautiful Bridges}{chapter.2}% 15
\BOOKMARK [2][-]{subsection.2.2.1}{Descripci\363n}{section.2.2}% 16
\BOOKMARK [2][-]{subsection.2.2.2}{Soluci\363n}{section.2.2}% 17
\BOOKMARK [2][-]{subsection.2.2.3}{C\363digo}{section.2.2}% 18
\BOOKMARK [1][-]{section.2.3}{Problema D. Circular DNA}{chapter.2}% 19
\BOOKMARK [2][-]{subsection.2.3.1}{Descripci\363n}{section.2.3}% 20
\BOOKMARK [2][-]{subsection.2.3.2}{Soluci\363n}{section.2.3}% 21
\BOOKMARK [2][-]{subsection.2.3.3}{C\363digo}{section.2.3}% 22
\BOOKMARK [1][-]{section.2.4}{Problema E. Dead-End Detector}{chapter.2}% 23
\BOOKMARK [2][-]{subsection.2.4.1}{Descripci\363n}{section.2.4}% 24
\BOOKMARK [2][-]{subsection.2.4.2}{Soluci\363n}{section.2.4}% 25
\BOOKMARK [2][-]{subsection.2.4.3}{C\363digo}{section.2.4}% 26
\BOOKMARK [1][-]{section.2.5}{Problema G. First of Her Name}{chapter.2}% 27
\BOOKMARK [2][-]{subsection.2.5.1}{Descripci\363n}{section.2.5}% 28
\BOOKMARK [2][-]{subsection.2.5.2}{Soluci\363n}{section.2.5}% 29
\BOOKMARK [2][-]{subsection.2.5.3}{C\363digo}{section.2.5}% 30
\BOOKMARK [1][-]{section.2.6}{Problema H. Hobson's Train}{chapter.2}% 31
\BOOKMARK [2][-]{subsection.2.6.1}{Descripci\363n}{section.2.6}% 32
\BOOKMARK [2][-]{subsection.2.6.2}{Soluci\363n}{section.2.6}% 33
\BOOKMARK [2][-]{subsection.2.6.3}{C\363digo}{section.2.6}% 34
\BOOKMARK [0][-]{chapter*.14}{Conclusiones}{}% 35
\BOOKMARK [0][-]{chapter*.15}{Recomendaciones}{}% 36
\BOOKMARK [0][-]{chapter*.15}{Referencia Bibliogr\341fica}{}% 37
