This is pdfTeX, Version 3.1415926-2.4-1.40.13 (MiKTeX 2.9) (preloaded format=pdflatex 2020.5.4)  4 MAY 2020 15:39
entering extended mode
**informe-YAO-PL-2018.tex

(C:\Yuri\PRODUCCION\GitHub\Tesis\ICPC-2019-problem-analysis\Informe\informe-YAO
-PL-2018.tex
LaTeX2e <2011/06/27>
Babel <v3.8m> and hyphenation patterns for english, afrikaans, ancientgreek, ar
abic, armenian, assamese, basque, bengali, bokmal, bulgarian, catalan, coptic, 
croatian, czech, danish, dutch, esperanto, estonian, farsi, finnish, french, ga
lician, german, german-x-2012-05-30, greek, gujarati, hindi, hungarian, iceland
ic, indonesian, interlingua, irish, italian, kannada, kurmanji, latin, latvian,
 lithuanian, malayalam, marathi, mongolian, mongolianlmc, monogreek, ngerman, n
german-x-2012-05-30, nynorsk, oriya, panjabi, pinyin, polish, portuguese, roman
ian, russian, sanskrit, serbian, slovak, slovenian, spanish, swedish, swissgerm
an, tamil, telugu, turkish, turkmen, ukenglish, ukrainian, uppersorbian, usengl
ishmax, welsh, loaded.
("C:\Program Files (x86)\MiKTeX 2.9\tex\latex\base\report.cls"
Document Class: report 2007/10/19 v1.4h Standard LaTeX document class
("C:\Program Files (x86)\MiKTeX 2.9\tex\latex\base\size10.clo"
File: size10.clo 2007/10/19 v1.4h Standard LaTeX file (size option)
)
\c@part=\count79
\c@chapter=\count80
\c@section=\count81
\c@subsection=\count82
\c@subsubsection=\count83
\c@paragraph=\count84
\c@subparagraph=\count85
\c@figure=\count86
\c@table=\count87
\abovecaptionskip=\skip41
\belowcaptionskip=\skip42
\bibindent=\dimen102
)
("C:\Program Files (x86)\MiKTeX 2.9\tex\latex\ams\math\amsmath.sty"
Package: amsmath 2000/07/18 v2.13 AMS math features
\@mathmargin=\skip43

For additional information on amsmath, use the `?' option.
("C:\Program Files (x86)\MiKTeX 2.9\tex\latex\ams\math\amstext.sty"
Package: amstext 2000/06/29 v2.01

("C:\Program Files (x86)\MiKTeX 2.9\tex\latex\ams\math\amsgen.sty"
File: amsgen.sty 1999/11/30 v2.0
\@emptytoks=\toks14
\ex@=\dimen103
))
("C:\Program Files (x86)\MiKTeX 2.9\tex\latex\ams\math\amsbsy.sty"
Package: amsbsy 1999/11/29 v1.2d
\pmbraise@=\dimen104
)
("C:\Program Files (x86)\MiKTeX 2.9\tex\latex\ams\math\amsopn.sty"
Package: amsopn 1999/12/14 v2.01 operator names
)
\inf@bad=\count88
LaTeX Info: Redefining \frac on input line 211.
\uproot@=\count89
\leftroot@=\count90
LaTeX Info: Redefining \overline on input line 307.
\classnum@=\count91
\DOTSCASE@=\count92
LaTeX Info: Redefining \ldots on input line 379.
LaTeX Info: Redefining \dots on input line 382.
LaTeX Info: Redefining \cdots on input line 467.
\Mathstrutbox@=\box26
\strutbox@=\box27
\big@size=\dimen105
LaTeX Font Info:    Redeclaring font encoding OML on input line 567.
LaTeX Font Info:    Redeclaring font encoding OMS on input line 568.
\macc@depth=\count93
\c@MaxMatrixCols=\count94
\dotsspace@=\muskip10
\c@parentequation=\count95
\dspbrk@lvl=\count96
\tag@help=\toks15
\row@=\count97
\column@=\count98
\maxfields@=\count99
\andhelp@=\toks16
\eqnshift@=\dimen106
\alignsep@=\dimen107
\tagshift@=\dimen108
\tagwidth@=\dimen109
\totwidth@=\dimen110
\lineht@=\dimen111
\@envbody=\toks17
\multlinegap=\skip44
\multlinetaggap=\skip45
\mathdisplay@stack=\toks18
LaTeX Info: Redefining \[ on input line 2666.
LaTeX Info: Redefining \] on input line 2667.
)
("C:\Program Files (x86)\MiKTeX 2.9\tex\latex\amsfonts\amssymb.sty"
Package: amssymb 2009/06/22 v3.00

("C:\Program Files (x86)\MiKTeX 2.9\tex\latex\amsfonts\amsfonts.sty"
Package: amsfonts 2009/06/22 v3.00 Basic AMSFonts support
\symAMSa=\mathgroup4
\symAMSb=\mathgroup5
LaTeX Font Info:    Overwriting math alphabet `\mathfrak' in version `bold'
(Font)                  U/euf/m/n --> U/euf/b/n on input line 96.
))
("C:\Program Files (x86)\MiKTeX 2.9\tex\latex\base\latexsym.sty"
Package: latexsym 1998/08/17 v2.2e Standard LaTeX package (lasy symbols)
\symlasy=\mathgroup6
LaTeX Font Info:    Overwriting symbol font `lasy' in version `bold'
(Font)                  U/lasy/m/n --> U/lasy/b/n on input line 47.
)
("C:\Program Files (x86)\MiKTeX 2.9\tex\latex\base\fontenc.sty"
Package: fontenc 2005/09/27 v1.99g Standard LaTeX package

("C:\Program Files (x86)\MiKTeX 2.9\tex\latex\base\t1enc.def"
File: t1enc.def 2005/09/27 v1.99g Standard LaTeX file
LaTeX Font Info:    Redeclaring font encoding T1 on input line 43.
))
("C:\Program Files (x86)\MiKTeX 2.9\tex\latex\hyperref\hyperref.sty"
Package: hyperref 2012/08/21 v6.83c Hypertext links for LaTeX

("C:\Program Files (x86)\MiKTeX 2.9\tex\generic\oberdiek\hobsub-hyperref.sty"
Package: hobsub-hyperref 2012/04/25 v1.12 Bundle oberdiek, subset hyperref (HO)


("C:\Program Files (x86)\MiKTeX 2.9\tex\generic\oberdiek\hobsub-generic.sty"
Package: hobsub-generic 2012/04/25 v1.12 Bundle oberdiek, subset generic (HO)
Package: hobsub 2012/04/25 v1.12 Construct package bundles (HO)
Package: infwarerr 2010/04/08 v1.3 Providing info/warning/error messages (HO)
Package: ltxcmds 2011/11/09 v1.22 LaTeX kernel commands for general use (HO)
Package: ifluatex 2010/03/01 v1.3 Provides the ifluatex switch (HO)
Package ifluatex Info: LuaTeX not detected.
Package: ifvtex 2010/03/01 v1.5 Detect VTeX and its facilities (HO)
Package ifvtex Info: VTeX not detected.
Package: intcalc 2007/09/27 v1.1 Expandable calculations with integers (HO)
Package: ifpdf 2011/01/30 v2.3 Provides the ifpdf switch (HO)
Package ifpdf Info: pdfTeX in PDF mode is detected.
Package: etexcmds 2011/02/16 v1.5 Avoid name clashes with e-TeX commands (HO)
Package etexcmds Info: Could not find \expanded.
(etexcmds)             That can mean that you are not using pdfTeX 1.50 or
(etexcmds)             that some package has redefined \expanded.
(etexcmds)             In the latter case, load this package earlier.
Package: kvsetkeys 2012/04/25 v1.16 Key value parser (HO)
Package: kvdefinekeys 2011/04/07 v1.3 Define keys (HO)
Package: pdftexcmds 2011/11/29 v0.20 Utility functions of pdfTeX for LuaTeX (HO
)
Package pdftexcmds Info: LuaTeX not detected.
Package pdftexcmds Info: \pdf@primitive is available.
Package pdftexcmds Info: \pdf@ifprimitive is available.
Package pdftexcmds Info: \pdfdraftmode found.
Package: pdfescape 2011/11/25 v1.13 Implements pdfTeX's escape features (HO)
Package: bigintcalc 2012/04/08 v1.3 Expandable calculations on big integers (HO
)
Package: bitset 2011/01/30 v1.1 Handle bit-vector datatype (HO)
Package: uniquecounter 2011/01/30 v1.2 Provide unlimited unique counter (HO)
)
Package hobsub Info: Skipping package `hobsub' (already loaded).
Package: letltxmacro 2010/09/02 v1.4 Let assignment for LaTeX macros (HO)
Package: hopatch 2011/06/24 v1.1 Wrapper for package hooks (HO)
Package: xcolor-patch 2011/01/30 xcolor patch
Package: atveryend 2011/06/30 v1.8 Hooks at the very end of document (HO)
Package atveryend Info: \enddocument detected (standard20110627).
Package: atbegshi 2011/10/05 v1.16 At begin shipout hook (HO)
Package: refcount 2011/10/16 v3.4 Data extraction from label references (HO)
Package: hycolor 2011/01/30 v1.7 Color options for hyperref/bookmark (HO)
)
("C:\Program Files (x86)\MiKTeX 2.9\tex\latex\graphics\keyval.sty"
Package: keyval 1999/03/16 v1.13 key=value parser (DPC)
\KV@toks@=\toks19
)
("C:\Program Files (x86)\MiKTeX 2.9\tex\generic\ifxetex\ifxetex.sty"
Package: ifxetex 2010/09/12 v0.6 Provides ifxetex conditional
)
("C:\Program Files (x86)\MiKTeX 2.9\tex\latex\oberdiek\auxhook.sty"
Package: auxhook 2011/03/04 v1.3 Hooks for auxiliary files (HO)
)
("C:\Program Files (x86)\MiKTeX 2.9\tex\latex\oberdiek\kvoptions.sty"
Package: kvoptions 2011/06/30 v3.11 Key value format for package options (HO)
)
\@linkdim=\dimen112
\Hy@linkcounter=\count100
\Hy@pagecounter=\count101

("C:\Program Files (x86)\MiKTeX 2.9\tex\latex\hyperref\pd1enc.def"
File: pd1enc.def 2012/08/21 v6.83c Hyperref: PDFDocEncoding definition (HO)
)
\Hy@SavedSpaceFactor=\count102

("C:\Program Files (x86)\MiKTeX 2.9\tex\latex\00miktex\hyperref.cfg"
File: hyperref.cfg 2002/06/06 v1.2 hyperref configuration of TeXLive
)
Package hyperref Info: Hyper figures OFF on input line 4263.
Package hyperref Info: Link nesting OFF on input line 4268.
Package hyperref Info: Hyper index ON on input line 4271.
Package hyperref Info: Plain pages OFF on input line 4278.
Package hyperref Info: Backreferencing OFF on input line 4283.
Package hyperref Info: Implicit mode ON; LaTeX internals redefined.
Package hyperref Info: Bookmarks ON on input line 4501.
\c@Hy@tempcnt=\count103

("C:\Program Files (x86)\MiKTeX 2.9\tex\latex\ltxmisc\url.sty"
\Urlmuskip=\muskip11
Package: url 2006/04/12  ver 3.3  Verb mode for urls, etc.
)
LaTeX Info: Redefining \url on input line 4854.
\XeTeXLinkMargin=\dimen113
\Fld@menulength=\count104
\Field@Width=\dimen114
\Fld@charsize=\dimen115
Package hyperref Info: Hyper figures OFF on input line 6094.
Package hyperref Info: Link nesting OFF on input line 6099.
Package hyperref Info: Hyper index ON on input line 6102.
Package hyperref Info: backreferencing OFF on input line 6109.
Package hyperref Info: Link coloring OFF on input line 6114.
Package hyperref Info: Link coloring with OCG OFF on input line 6119.
Package hyperref Info: PDF/A mode OFF on input line 6124.
LaTeX Info: Redefining \ref on input line 6164.
LaTeX Info: Redefining \pageref on input line 6168.
\Hy@abspage=\count105
\c@Item=\count106
\c@Hfootnote=\count107
)

Package hyperref Message: Driver (autodetected): hpdftex.

("C:\Program Files (x86)\MiKTeX 2.9\tex\latex\hyperref\hpdftex.def"
File: hpdftex.def 2012/08/21 v6.83c Hyperref driver for pdfTeX
\Fld@listcount=\count108
\c@bookmark@seq@number=\count109

("C:\Program Files (x86)\MiKTeX 2.9\tex\latex\oberdiek\rerunfilecheck.sty"
Package: rerunfilecheck 2011/04/15 v1.7 Rerun checks for auxiliary files (HO)
Package uniquecounter Info: New unique counter `rerunfilecheck' on input line 2
82.
)
\Hy@SectionHShift=\skip46
)
("C:\Program Files (x86)\MiKTeX 2.9\tex\latex\graphics\graphicx.sty"
Package: graphicx 1999/02/16 v1.0f Enhanced LaTeX Graphics (DPC,SPQR)

("C:\Program Files (x86)\MiKTeX 2.9\tex\latex\graphics\graphics.sty"
Package: graphics 2009/02/05 v1.0o Standard LaTeX Graphics (DPC,SPQR)

("C:\Program Files (x86)\MiKTeX 2.9\tex\latex\graphics\trig.sty"
Package: trig 1999/03/16 v1.09 sin cos tan (DPC)
)
("C:\Program Files (x86)\MiKTeX 2.9\tex\latex\00miktex\graphics.cfg"
File: graphics.cfg 2007/01/18 v1.5 graphics configuration of teTeX/TeXLive
)
Package graphics Info: Driver file: pdftex.def on input line 91.

("C:\Program Files (x86)\MiKTeX 2.9\tex\latex\pdftex-def\pdftex.def"
File: pdftex.def 2011/05/27 v0.06d Graphics/color for pdfTeX
\Gread@gobject=\count110
))
\Gin@req@height=\dimen116
\Gin@req@width=\dimen117
)
("C:\Program Files (x86)\MiKTeX 2.9\tex\latex\tools\verbatim.sty"
Package: verbatim 2003/08/22 v1.5q LaTeX2e package for verbatim enhancements
\every@verbatim=\toks20
\verbatim@line=\toks21
\verbatim@in@stream=\read1
)
("C:\Program Files (x86)\MiKTeX 2.9\tex\latex\pdfpages\pdfpages.sty"
Package: pdfpages 2012/08/31 v0.4t Insert pages of external PDF documents (AM)

("C:\Program Files (x86)\MiKTeX 2.9\tex\latex\base\ifthen.sty"
Package: ifthen 2001/05/26 v1.1c Standard LaTeX ifthen package (DPC)
)
("C:\Program Files (x86)\MiKTeX 2.9\tex\latex\tools\calc.sty"
Package: calc 2007/08/22 v4.3 Infix arithmetic (KKT,FJ)
\calc@Acount=\count111
\calc@Bcount=\count112
\calc@Adimen=\dimen118
\calc@Bdimen=\dimen119
\calc@Askip=\skip47
\calc@Bskip=\skip48
LaTeX Info: Redefining \setlength on input line 76.
LaTeX Info: Redefining \addtolength on input line 77.
\calc@Ccount=\count113
\calc@Cskip=\skip49
)
("C:\Program Files (x86)\MiKTeX 2.9\tex\latex\eso-pic\eso-pic.sty"
Package: eso-pic 2010/10/06 v2.0c eso-pic (RN)

("C:\Program Files (x86)\MiKTeX 2.9\tex\latex\xcolor\xcolor.sty"
Package: xcolor 2007/01/21 v2.11 LaTeX color extensions (UK)

("C:\Program Files (x86)\MiKTeX 2.9\tex\latex\00miktex\color.cfg"
File: color.cfg 2007/01/18 v1.5 color configuration of teTeX/TeXLive
)
Package xcolor Info: Driver file: pdftex.def on input line 225.
Package xcolor Info: Model `cmy' substituted by `cmy0' on input line 1337.
Package xcolor Info: Model `hsb' substituted by `rgb' on input line 1341.
Package xcolor Info: Model `RGB' extended on input line 1353.
Package xcolor Info: Model `HTML' substituted by `rgb' on input line 1355.
Package xcolor Info: Model `Hsb' substituted by `hsb' on input line 1356.
Package xcolor Info: Model `tHsb' substituted by `hsb' on input line 1357.
Package xcolor Info: Model `HSB' substituted by `hsb' on input line 1358.
Package xcolor Info: Model `Gray' substituted by `gray' on input line 1359.
Package xcolor Info: Model `wave' substituted by `hsb' on input line 1360.
))
("C:\Program Files (x86)\MiKTeX 2.9\tex\latex\pdfpages\pppdftex.def"
File: pppdftex.def 2012/08/31 v0.4t Pdfpages driver for pdfTeX (AM)
)
\AM@pagebox=\box28
\AM@toc@title=\toks22
\c@AM@survey=\count114
\AM@templatesizebox=\box29
)
("C:\Program Files (x86)\MiKTeX 2.9\tex\latex\listings\listings.sty"
\lst@mode=\count115
\lst@gtempboxa=\box30
\lst@token=\toks23
\lst@length=\count116
\lst@currlwidth=\dimen120
\lst@column=\count117
\lst@pos=\count118
\lst@lostspace=\dimen121
\lst@width=\dimen122
\lst@newlines=\count119
\lst@lineno=\count120
\lst@maxwidth=\dimen123

("C:\Program Files (x86)\MiKTeX 2.9\tex\latex\listings\lstmisc.sty"
File: lstmisc.sty 2007/02/22 1.4 (Carsten Heinz)
\c@lstnumber=\count121
\lst@skipnumbers=\count122
\lst@framebox=\box31
)
("C:\Program Files (x86)\MiKTeX 2.9\tex\latex\listings\listings.cfg"
File: listings.cfg 2007/02/22 1.4 listings configuration
))
Package: listings 2007/02/22 1.4 (Carsten Heinz)

("C:\Program Files (x86)\MiKTeX 2.9\tex\latex\beamer\base\multimedia\multimedia
.sty"
Package: multimedia 2012/05/02 ver 0.02
\mm@movie=\count123
) ("C:\Program Files (x86)\MiKTeX 2.9\tex\latex\caption\subcaption.sty"
Package: subcaption 2012/01/12 v1.1d Sub-captions (AR)

("C:\Program Files (x86)\MiKTeX 2.9\tex\latex\caption\caption.sty"
Package: caption 2012/02/19 v3.2f Customizing captions (AR)

("C:\Program Files (x86)\MiKTeX 2.9\tex\latex\caption\caption3.sty"
Package: caption3 2012/01/12 v1.4b caption3 kernel (AR)
\captionmargin=\dimen124
\captionmargin@=\dimen125
\captionwidth=\dimen126
\caption@indent=\dimen127
\caption@parindent=\dimen128
\caption@hangindent=\dimen129
)
\c@ContinuedFloat=\count124
Package caption Info: hyperref package is loaded.
Package caption Info: listings package is loaded.
)
\c@subfigure=\count125
\c@subtable=\count126
)
("C:\Program Files (x86)\MiKTeX 2.9\tex\latex\algorithm2e\algorithm2e.sty"
Package: algorithm2e 2008/00/00 v3.10 algorithms environments
\c@AlgoLine=\count127

("C:\Program Files (x86)\MiKTeX 2.9\tex\latex\tools\xspace.sty"
Package: xspace 2009/10/20 v1.13 Space after command names (DPC,MH)
)
("C:\Program Files (x86)\MiKTeX 2.9\tex\latex\ltxmisc\relsize.sty"
Package: relsize 2003/07/04 ver 3.1
)
********************************************************
Package `algorithm2e' Release 4.01 -- december 14 2009 --
- algorithm2e-announce@lirmm.fr mailing list for announcement about releases
- algorithm2e-discussion@lirmm.fr mailing list for discussion about package
subscribe by emailing sympa@lirmm.fr with 'subscribe <list> <firstname name>'
- Author: Christophe Fiorio (fiorio@lirmm.fr)
********************************************************
\skiptotal=\skip50
\skiplinenumber=\skip51
\skiprule=\skip52
\skiphlne=\skip53
\skiptext=\skip54
\skiplength=\skip55
\algomargin=\skip56
\skipalgocfslide=\skip57
\algowidth=\dimen130
\inoutsize=\dimen131
\inoutline=\dimen132
\interspacetitleruled=\dimen133
\interspacealgoruled=\dimen134
\interspacetitleboxruled=\dimen135
\algocf@inoutbox=\box32
\algocf@inputbox=\box33
\AlCapSkip=\skip58
\AlCapHSkip=\skip59
\algocf@nlbox=\box34
\algocf@hangingbox=\box35
\algocf@capbox=\box36
\algoheightruledefault=\skip60
\algoheightrule=\skip61
\algotitleheightruledefault=\skip62
\algotitleheightrule=\skip63
\c@algocfline=\count128
\c@algocfproc=\count129
\c@algocf=\count130
\algocf@algoframe=\box37
\algocf@algobox=\box38
) ("C:\Program Files (x86)\MiKTeX 2.9\tex\generic\babel\babel.sty"
Package: babel 2008/07/08 v3.8m The Babel package

*************************************
* Local config file bblopts.cfg used
*
("C:\Program Files (x86)\MiKTeX 2.9\tex\latex\00miktex\bblopts.cfg"
File: bblopts.cfg 2006/07/31 v1.0 MiKTeX 'babel' configuration
)
("C:\Program Files (x86)\MiKTeX 2.9\tex\generic\babel\spanish.ldf"
Language: spanish.ldf 2009/01/02 v5.0h Spanish support from the babel system

("C:\Program Files (x86)\MiKTeX 2.9\tex\generic\babel\babel.def"
File: babel.def 2008/07/08 v3.8m Babel common definitions
\babel@savecnt=\count131
\U@D=\dimen136
)
\es@datefmt=\count132
\es@quottoks=\toks24
\es@quotdepth=\count133
Package babel Info: Making " an active character on input line 492.
Package babel Info: Making . an active character on input line 585.
Package babel Info: Making < an active character on input line 630.
Package babel Info: Making > an active character on input line 630.
))
("C:\Program Files (x86)\MiKTeX 2.9\tex\latex\listings\lstlang1.sty"
File: lstlang1.sty 2004/09/05 1.3 listings language file
)
("C:\Program Files (x86)\MiKTeX 2.9\tex\latex\listings\lstmisc.sty"
File: lstmisc.sty 2007/02/22 1.4 (Carsten Heinz)
)
("C:\Program Files (x86)\MiKTeX 2.9\tex\latex\base\makeidx.sty"
Package: makeidx 2000/03/29 v1.0m Standard LaTeX package
)
\@indexfile=\write3

Writing index file informe-YAO-PL-2018.idx

(C:\Yuri\PRODUCCION\GitHub\Tesis\ICPC-2019-problem-analysis\Informe\informe-YAO
-PL-2018.aux)
LaTeX Font Info:    Checking defaults for OML/cmm/m/it on input line 83.
LaTeX Font Info:    ... okay on input line 83.
LaTeX Font Info:    Checking defaults for T1/cmr/m/n on input line 83.
LaTeX Font Info:    ... okay on input line 83.
LaTeX Font Info:    Checking defaults for OT1/cmr/m/n on input line 83.
LaTeX Font Info:    ... okay on input line 83.
LaTeX Font Info:    Checking defaults for OMS/cmsy/m/n on input line 83.
LaTeX Font Info:    ... okay on input line 83.
LaTeX Font Info:    Checking defaults for OMX/cmex/m/n on input line 83.
LaTeX Font Info:    ... okay on input line 83.
LaTeX Font Info:    Checking defaults for U/cmr/m/n on input line 83.
LaTeX Font Info:    ... okay on input line 83.
LaTeX Font Info:    Checking defaults for PD1/pdf/m/n on input line 83.
LaTeX Font Info:    ... okay on input line 83.
\AtBeginShipoutBox=\box39
Package hyperref Info: Link coloring OFF on input line 83.
 ("C:\Program Files (x86)\MiKTeX 2.9\tex\latex\hyperref\nameref.sty"
Package: nameref 2012/07/31 v2.42 Cross-referencing by name of section
 ("C:\Program Files (x86)\MiKTeX 2.9\tex\generic\oberdiek\gettitlestring.sty"
Package: gettitlestring 2010/12/03 v1.4 Cleanup title references (HO)
)
\c@section@level=\count134
)
LaTeX Info: Redefining \ref on input line 83.
LaTeX Info: Redefining \pageref on input line 83.
LaTeX Info: Redefining \nameref on input line 83.

(C:\Yuri\PRODUCCION\GitHub\Tesis\ICPC-2019-problem-analysis\Informe\informe-YAO
-PL-2018.out)
(C:\Yuri\PRODUCCION\GitHub\Tesis\ICPC-2019-problem-analysis\Informe\informe-YAO
-PL-2018.out)
\@outlinefile=\write4
 ("C:\Program Files (x86)\MiKTeX 2.9\tex\context\base\supp-pdf.mkii"
[Loading MPS to PDF converter (version 2006.09.02).]
\scratchcounter=\count135
\scratchdimen=\dimen137
\scratchbox=\box40
\nofMPsegments=\count136
\nofMParguments=\count137
\everyMPshowfont=\toks25
\MPscratchCnt=\count138
\MPscratchDim=\dimen138
\MPnumerator=\count139
\makeMPintoPDFobject=\count140
\everyMPtoPDFconversion=\toks26
)
\c@lstlisting=\count141
Package caption Info: Begin \AtBeginDocument code.
Package caption Info: End \AtBeginDocument code.
 <imagenes/portada.pdf, id=153, page=1, 614.295pt x 794.97pt>
File: imagenes/portada.pdf Graphic file (type pdf)

<use imagenes/portada.pdf, page 1>
Package pdftex.def Info: imagenes/portada.pdf, page1 used on input line 85.
(pdftex.def)             Requested size: 614.29349pt x 794.96806pt.
File: imagenes/portada.pdf Graphic file (type pdf)
 <use imagenes/portada.pdf, page 1>
Package pdftex.def Info: imagenes/portada.pdf, page1 used on input line 85.
(pdftex.def)             Requested size: 614.58406pt x 795.3441pt.
File: imagenes/portada.pdf Graphic file (type pdf)

<use imagenes/portada.pdf, page 1>
Package pdftex.def Info: imagenes/portada.pdf, page1 used on input line 85.
(pdftex.def)             Requested size: 614.58406pt x 795.3441pt.
File: imagenes/portada.pdf Graphic file (type pdf)
 <use imagenes/portada.pdf, page 1>
Package pdftex.def Info: imagenes/portada.pdf, page1 used on input line 85.
(pdftex.def)             Requested size: 614.58406pt x 795.3441pt.
File: imagenes/portada.pdf Graphic file (type pdf)

<use imagenes/portada.pdf, page 1>
Package pdftex.def Info: imagenes/portada.pdf, page1 used on input line 85.
(pdftex.def)             Requested size: 614.58406pt x 795.3441pt.
 [1

 <C:/Yuri/PRODUCCION/GitHub/Tesis/ICPC-2019-problem-analysis/Informe/imagenes/p
ortada.pdf{C:/ProgramData/MiKTeX/2.9/pdftex/config/pdftex.map}>]
Underfull \hbox (badness 10000) in paragraph at lines 95--98

 []

[2

] [3

] [4

]
(C:\Yuri\PRODUCCION\GitHub\Tesis\ICPC-2019-problem-analysis\Informe\informe-YAO
-PL-2018.toc
LaTeX Font Info:    Try loading font information for U+msa on input line 4.
 ("C:\Program Files (x86)\MiKTeX 2.9\tex\latex\amsfonts\umsa.fd"
File: umsa.fd 2009/06/22 v3.00 AMS symbols A
)
LaTeX Font Info:    Try loading font information for U+msb on input line 4.

("C:\Program Files (x86)\MiKTeX 2.9\tex\latex\amsfonts\umsb.fd"
File: umsb.fd 2009/06/22 v3.00 AMS symbols B
)
LaTeX Font Info:    Try loading font information for U+lasy on input line 4.

("C:\Program Files (x86)\MiKTeX 2.9\tex\latex\base\ulasy.fd"
File: ulasy.fd 1998/08/17 v2.2e LaTeX symbol font definitions
) [5

])
\tf@toc=\write5
 [6]
Underfull \hbox (badness 10000) in paragraph at lines 127--142

 []


Underfull \hbox (badness 10000) in paragraph at lines 143--166

 []

[1

]
Underfull \hbox (badness 10000) in paragraph at lines 167--178

 []

[2]
Cap\'{\i }tulo 1.

Underfull \hbox (badness 10000) in paragraph at lines 193--229

 []


Underfull \hbox (badness 10000) in paragraph at lines 193--229

 []


Underfull \hbox (badness 10000) in paragraph at lines 193--229

 []


Underfull \hbox (badness 10000) in paragraph at lines 193--229

 []


Underfull \hbox (badness 10000) in paragraph at lines 193--229

 []


Underfull \hbox (badness 10000) in paragraph at lines 193--229

 []


Underfull \hbox (badness 10000) in paragraph at lines 193--229

 []


Underfull \hbox (badness 10000) in paragraph at lines 193--229

 []


Underfull \hbox (badness 10000) in paragraph at lines 193--229

 []


Underfull \hbox (badness 10000) in paragraph at lines 193--229

 []


Underfull \hbox (badness 10000) in paragraph at lines 193--229

 []


Underfull \hbox (badness 10000) in paragraph at lines 193--229

 []


Underfull \hbox (badness 10000) in paragraph at lines 193--229

 []


Underfull \hbox (badness 10000) in paragraph at lines 193--229

 []


Underfull \hbox (badness 10000) in paragraph at lines 193--229

 []

[3

]
Underfull \hbox (badness 10000) in paragraph at lines 247--248

 []


Underfull \hbox (badness 10000) in paragraph at lines 249--252

 []

[4]
Underfull \hbox (badness 10000) in paragraph at lines 264--265

 []


Underfull \hbox (badness 10000) in paragraph at lines 297--298

 []

[5]
Missing character: There is no â in font cmr10!
Missing character: There is no ˆ in font cmr10!
Missing character: There is no ’ in font cmr10!
Missing character: There is no â in font cmr7!
Missing character: There is no ˆ in font cmr7!
Missing character: There is no ’ in font cmr7!

Underfull \hbox (badness 10000) in paragraph at lines 338--339

 []

[6] [7]
Cap\'{\i }tulo 2.

Underfull \hbox (badness 10000) in paragraph at lines 358--370

 []

<imagenes/Azulejos.jpg, id=373, 158.09062pt x 210.7875pt>
File: imagenes/Azulejos.jpg Graphic file (type jpg)

<use imagenes/Azulejos.jpg>
Package pdftex.def Info: imagenes/Azulejos.jpg used on input line 372.
(pdftex.def)             Requested size: 71.1401pt x 94.8535pt.
 [8

 <C:/Yuri/PRODUCCION/GitHub/Tesis/ICPC-2019-problem-analysis/Informe/imagenes/A
zulejos.jpg>]
Underfull \hbox (badness 10000) in paragraph at lines 390--391

 []


Underfull \hbox (badness 10000) in paragraph at lines 392--393

 []


Underfull \hbox (badness 10000) in paragraph at lines 394--398

 []


Underfull \hbox (badness 10000) in paragraph at lines 400--401

 []

[9] ("C:\Program Files (x86)\MiKTeX 2.9\tex\latex\listings\lstlang1.sty"
File: lstlang1.sty 2004/09/05 1.3 listings language file
)
LaTeX Font Info:    Try loading font information for T1+cmtt on input line 415.


("C:\Program Files (x86)\MiKTeX 2.9\tex\latex\base\t1cmtt.fd"
File: t1cmtt.fd 1999/05/25 v2.5h Standard LaTeX font definitions
)
LaTeX Font Info:    Font shape `T1/cmtt/bx/n' in size <8> not available
(Font)              Font shape `T1/cmtt/m/n' tried instead on input line 416.
 [10] [11]
<imagenes/Bridge.jpg, id=493, 796.47563pt x 301.8778pt>
File: imagenes/Bridge.jpg Graphic file (type jpg)

<use imagenes/Bridge.jpg>
Package pdftex.def Info: imagenes/Bridge.jpg used on input line 553.
(pdftex.def)             Requested size: 358.41072pt x 135.84375pt.
Missing character: There is no â in font cmr7!
Missing character: There is no ˆ in font cmr7!
Missing character: There is no ’ in font cmr7!


LaTeX Warning: `h' float specifier changed to `ht'.

Missing character: There is no â in font cmr10!
Missing character: There is no ‰ in font cmr10!
Missing character: There is no ¤ in font cmr10!

Underfull \hbox (badness 10000) in paragraph at lines 567--578

 []

[12]
Underfull \hbox (badness 10000) in paragraph at lines 579--580

 []

Missing character: There is no â in font cmr10!
Missing character: There is no ‰ in font cmr10!
Missing character: There is no ¤ in font cmr10!

Underfull \hbox (badness 10000) in paragraph at lines 582--590

 []

[13 <C:/Yuri/PRODUCCION/GitHub/Tesis/ICPC-2019-problem-analysis/Informe/imagene
s/Bridge.jpg>]
Underfull \hbox (badness 10000) in paragraph at lines 612--615

 []

[14] [15]
Underfull \hbox (badness 10000) in paragraph at lines 712--723

 []

<imagenes/DNA.jpg, id=628, 315.42844pt x 219.06844pt>
File: imagenes/DNA.jpg Graphic file (type jpg)
 <use imagenes/DNA.jpg>
Package pdftex.def Info: imagenes/DNA.jpg used on input line 738.
(pdftex.def)             Requested size: 157.71382pt x 109.53394pt.


LaTeX Warning: `h' float specifier changed to `ht'.

[16]
Underfull \hbox (badness 10000) in paragraph at lines 755--756

 []


Underfull \hbox (badness 10000) in paragraph at lines 763--764

 []


Underfull \hbox (badness 10000) in paragraph at lines 765--766

 []


Underfull \hbox (badness 10000) in paragraph at lines 767--771

 []


Underfull \hbox (badness 10000) in paragraph at lines 773--788

 []

[17 <C:/Yuri/PRODUCCION/GitHub/Tesis/ICPC-2019-problem-analysis/Informe/imagene
s/DNA.jpg>]
Underfull \hbox (badness 10000) in paragraph at lines 789--793

 []


Overfull \hbox (9.39247pt too wide) in paragraph at lines 794--800
\T1/cmr/m/n/10 Ahora con-si-de-re-mos una ca-de-na S de un ti-po de mar-ca-dor 
de-ter-mi-na-do, lue-go ob-te-ne-mos S+S(concatenación
 []

[18] [19] [20] <imagenes/DeadEnd.jpg, id=784, 635.37375pt x 216.05719pt>
File: imagenes/DeadEnd.jpg Graphic file (type jpg)

<use imagenes/DeadEnd.jpg>
Package pdftex.def Info: imagenes/DeadEnd.jpg used on input line 913.
(pdftex.def)             Requested size: 285.91554pt x 97.22482pt.

Underfull \hbox (badness 10000) in paragraph at lines 930--937

 []

[21 <C:/Yuri/PRODUCCION/GitHub/Tesis/ICPC-2019-problem-analysis/Informe/imagene
s/DeadEnd.jpg>]
Underfull \hbox (badness 10000) in paragraph at lines 938--942

 []

[22]
Underfull \hbox (badness 10000) in paragraph at lines 969--984

 []

[23] [24] [25]
Underfull \hbox (badness 10000) in paragraph at lines 1135--1142

 []

[26] [27] [28] <imagenes/Train.jpg, id=1060, 609.02531pt x 271.0125pt>
File: imagenes/Train.jpg Graphic file (type jpg)

<use imagenes/Train.jpg>
Package pdftex.def Info: imagenes/Train.jpg used on input line 1318.
(pdftex.def)             Requested size: 274.05885pt x 121.95448pt.
Missing character: There is no Â in font cmr10!
Missing character: There is no · in font cmr10!
Missing character: There is no â in font cmr10!
Missing character: There is no ˆ in font cmr10!
Missing character: There is no ’ in font cmr10!

Underfull \hbox (badness 10000) in paragraph at lines 1305--1331

 []


LaTeX Warning: `h' float specifier changed to `ht'.

[29]
Underfull \hbox (badness 10000) in paragraph at lines 1332--1337

 []

[30 <C:/Yuri/PRODUCCION/GitHub/Tesis/ICPC-2019-problem-analysis/Informe/imagene
s/Train.jpg>] [31] [32] [33]
Underfull \hbox (badness 10000) in paragraph at lines 1466--1467

 []

[34

] [35

]
Underfull \hbox (badness 4181) in paragraph at lines 1527--1528
[]\T1/cmr/m/n/10 Setiadi, Is-kan-dar. (2012). Seg-ment Tree for Sol-ving Ran-ge
 Mi-ni-mum Query Pro-blems.
 []

Package atveryend Info: Empty hook `BeforeClearDocument' on input line 1532.
[36

]
Package atveryend Info: Empty hook `AfterLastShipout' on input line 1532.

(C:\Yuri\PRODUCCION\GitHub\Tesis\ICPC-2019-problem-analysis\Informe\informe-YAO
-PL-2018.aux)
Package atveryend Info: Executing hook `AtVeryEndDocument' on input line 1532.
Package atveryend Info: Executing hook `AtEndAfterFileList' on input line 1532.

Package rerunfilecheck Info: File `informe-YAO-PL-2018.out' has not changed.
(rerunfilecheck)             Checksum: D9EBD5D5484F9E1E8A1510A6C0E691CC;2557.
Package atveryend Info: Empty hook `AtVeryVeryEnd' on input line 1532.
 ) 
Here is how much of TeX's memory you used:
 12632 strings out of 493921
 181669 string characters out of 3144856
 492892 words of memory out of 3000000
 14892 multiletter control sequences out of 15000+200000
 21753 words of font info for 57 fonts, out of 3000000 for 9000
 841 hyphenation exceptions out of 8191
 42i,18n,56p,1917b,1860s stack positions out of 5000i,500n,10000p,200000b,50000s
pdfTeX warning (dest): name{FloydAlgorithm} has been referenced but does not 
exist, replaced by a fixed one

pdfTeX warning (dest): name{Kattis} has been referenced but does not exist, rep
laced by a fixed one

pdfTeX warning (dest): name{quora} has been referenced but does not exist, repl
aced by a fixed one

pdfTeX warning (dest): name{ACMICPC} has been referenced but does not exist, re
placed by a fixed one

pdfTeX warning (dest): name{SIGCOMM} has been referenced but does not exist, re
placed by a fixed one

pdfTeX warning (dest): name{SIGGRAPH} has been referenced but does not exist, r
eplaced by a fixed one

pdfTeX warning (dest): name{ACM} has been referenced but does not exist, replac
ed by a fixed one

{C:/Program Files (x86)/MiKTeX 2.9/fonts/enc/dvips/cm-super/cm-super-t1.enc}<C:
/Program Files (x86)/MiKTeX 2.9/fonts/type1/public/amsfonts/cm/cmex10.pfb><C:/P
rogram Files (x86)/MiKTeX 2.9/fonts/type1/public/amsfonts/cm/cmmi10.pfb><C:/Pro
gram Files (x86)/MiKTeX 2.9/fonts/type1/public/amsfonts/cm/cmmi7.pfb><C:/Progra
m Files (x86)/MiKTeX 2.9/fonts/type1/public/amsfonts/cm/cmr10.pfb><C:/Program F
iles (x86)/MiKTeX 2.9/fonts/type1/public/amsfonts/cm/cmr7.pfb><C:/Program Files
 (x86)/MiKTeX 2.9/fonts/type1/public/amsfonts/cm/cmsy10.pfb><C:/Program Files (
x86)/MiKTeX 2.9/fonts/type1/public/amsfonts/cm/cmsy7.pfb><C:/Program Files (x86
)/MiKTeX 2.9/fonts/type1/public/cm-super/sfbx0700.pfb><C:/Program Files (x86)/M
iKTeX 2.9/fonts/type1/public/cm-super/sfbx1000.pfb><C:/Program Files (x86)/MiKT
eX 2.9/fonts/type1/public/cm-super/sfbx1200.pfb><C:/Program Files (x86)/MiKTeX 
2.9/fonts/type1/public/cm-super/sfbx1440.pfb><C:/Program Files (x86)/MiKTeX 2.9
/fonts/type1/public/cm-super/sfbx2074.pfb><C:/Program Files (x86)/MiKTeX 2.9/fo
nts/type1/public/cm-super/sfbx2488.pfb><C:/Program Files (x86)/MiKTeX 2.9/fonts
/type1/public/cm-super/sfcc1000.pfb><C:/Program Files (x86)/MiKTeX 2.9/fonts/ty
pe1/public/cm-super/sfcc1095.pfb><C:/Program Files (x86)/MiKTeX 2.9/fonts/type1
/public/cm-super/sfit0800.pfb><C:/Program Files (x86)/MiKTeX 2.9/fonts/type1/pu
blic/cm-super/sfrm0600.pfb><C:/Program Files (x86)/MiKTeX 2.9/fonts/type1/publi
c/cm-super/sfrm0700.pfb><C:/Program Files (x86)/MiKTeX 2.9/fonts/type1/public/c
m-super/sfrm0800.pfb><C:/Program Files (x86)/MiKTeX 2.9/fonts/type1/public/cm-s
uper/sfrm1000.pfb><C:/Program Files (x86)/MiKTeX 2.9/fonts/type1/public/cm-supe
r/sfrm1200.pfb><C:/Program Files (x86)/MiKTeX 2.9/fonts/type1/public/cm-super/s
frm2074.pfb><C:/Program Files (x86)/MiKTeX 2.9/fonts/type1/public/cm-super/sfti
1000.pfb><C:/Program Files (x86)/MiKTeX 2.9/fonts/type1/public/cm-super/sftt080
0.pfb>
Output written on informe-YAO-PL-2018.pdf (42 pages, 1177632 bytes).
PDF statistics:
 1510 PDF objects out of 1728 (max. 8388607)
 871 named destinations out of 1000 (max. 500000)
 341 words of extra memory for PDF output out of 10000 (max. 10000000)

